#
# There is insufficient memory for the Java Runtime Environment to continue.
# Native memory allocation (malloc) failed to allocate 1048576 bytes. Error detail: AllocateHeap
# Possible reasons:
#   The system is out of physical RAM or swap space
#   This process is running with CompressedOops enabled, and the Java Heap may be blocking the growth of the native heap
# Possible solutions:
#   Reduce memory load on the system
#   Increase physical memory or swap space
#   Check if swap backing store is full
#   Decrease Java heap size (-Xmx/-Xms)
#   Decrease number of Java threads
#   Decrease Java thread stack sizes (-Xss)
#   Set larger code cache with -XX:ReservedCodeCacheSize=
#   JVM is running with Unscaled Compressed Oops mode in which the Java heap is
#     placed in the first 4GB address space. The Java Heap base address is the
#     maximum limit for the native heap growth. Please use -XX:HeapBaseMinAddress
#     to set the Java Heap base and to place the Java Heap above 4GB virtual address.
# This output file may be truncated or incomplete.
#
#  Out of Memory Error (allocation.cpp:42), pid=26348, tid=11580
#
# JRE version:  (25.0.2+10) (build )
# Java VM: OpenJDK 64-Bit Server VM (25.0.2+10-LTS, mixed mode, emulated-client, sharing, tiered, compressed oops, compressed class ptrs, g1 gc, windows-amd64)
# No core dump will be written. Minidumps are not enabled by default on client versions of Windows
#

---------------  S U M M A R Y ------------

Command Line: -XX:TieredStopAtLevel=1 -Dspring.output.ansi.enabled=always -javaagent:C:\Program Files\JetBrains\IntelliJ IDEA 2026.1.3\lib\idea_rt.jar=51157 -Dfile.encoding=UTF-8 -Dsun.stdout.encoding=UTF-8 -Dsun.stderr.encoding=UTF-8 com.dreamsync.DreamsyncApplication

Host: 12th Gen Intel(R) Core(TM) i5-1235U, 12 cores, 15G,  Windows 11 , 64 bit Build 26100 (10.0.26100.8875)
Time: Tue Jul 21 20:47:24 2026 India Standard Time elapsed time: 2.047985 seconds (0d 0h 0m 2s)

---------------  T H R E A D  ---------------

Current thread (0x00000226294e05d0):  JavaThread "Unknown thread" [_thread_in_vm, id=11580, stack(0x0000008277900000,0x0000008277a00000) (1024K)]

Stack: [0x0000008277900000,0x0000008277a00000]
Native frames: (J=compiled Java code, j=interpreted, Vv=VM code, C=native code)
V  [jvm.dll+0x7a8bc9]  (no source info available)

Lock stack of current Java thread (top to bottom):


---------------  P R O C E S S  ---------------

Threads class SMR info:
_java_thread_list=0x00007ffbdd5ee008, length=0, elements={
}

Java Threads: ( => current thread )
Total: 0

Other Threads:

=>0x00000226294e05d0 (exited) JavaThread "Unknown thread"    [_thread_in_vm, id=11580, stack(0x0000008277900000,0x0000008277a00000) (1024K)]
Total: 1

Threads with active compile tasks:
Total: 0

VM state: not at safepoint (not fully initialized)

VM Mutex/Monitor currently owned by a thread: None

Heap address: 0x0000000000000000, size: 0 MB, Compressed Oops mode: 32-bit

CDS archive(s) mapped at: [0x0000000000000000-0x0000000000000000-0x0000000000000000), size 0, SharedBaseAddress: 0x0000000800000000, ArchiveRelocationMode: 1.
UseCompressedClassPointers 1, UseCompactObjectHeaders 0
Narrow klass pointer bits 32, Max shift 3
Narrow klass base: 0xffffffffffffffff, Narrow klass shift: -1
Encoding Range: [0xffffffffffffffff - 0x000000007fffffff), (2147483648 bytes)
Klass Range:    [0x0000000000000000 - 0x0000000000000000), (0 bytes)
Klass ID Range:  [4294967295 - 0) (1)
No protection zone.

GC Precious Log:
 CardTable entry size: 512
 Card Set container configuration: InlinePtr #cards 4 size 8 Array Of Cards #cards 16 size 48 Howl #buckets 8 coarsen threshold 3686 Howl Bitmap #cards 512 size 80 coarsen threshold 460 Card regions per heap region 1 cards per card region 4096

GC Heap Usage History (0 events):
No events

Metaspace Usage History (0 events):
No events

Dll operation events (1 events):
Event: 1.034 Loaded shared library C:\Program Files\Eclipse Adoptium\jdk-25.0.2.10-hotspot\bin\java.dll

Deoptimization events (0 events):
No events

Classes loaded (0 events):
No events

Classes unloaded (0 events):
No events

Classes redefined (0 events):
No events

Internal exceptions (0 events):
No events

VM Operations (0 events):
No events

Memory protections (0 events):
No events

Nmethod flushes (0 events):
No events

Events (0 events):
No events


Dynamic libraries:
0x00007ff6a35d0000 - 0x00007ff6a35de000 	C:\Program Files\Eclipse Adoptium\jdk-25.0.2.10-hotspot\bin\java.exe
0x00007ffc6fd60000 - 0x00007ffc6ffc6000 	C:\WINDOWS\SYSTEM32\ntdll.dll
0x00007ffc6e890000 - 0x00007ffc6e959000 	C:\WINDOWS\System32\KERNEL32.DLL
0x00007ffc6d1c0000 - 0x00007ffc6d5be000 	C:\WINDOWS\System32\KERNELBASE.dll
0x00007ffc6c620000 - 0x00007ffc6c76c000 	C:\WINDOWS\System32\ucrtbase.dll
0x00007ffc56bf0000 - 0x00007ffc56c06000 	C:\Program Files\Eclipse Adoptium\jdk-25.0.2.10-hotspot\bin\jli.dll
0x00007ffc6f930000 - 0x00007ffc6faf7000 	C:\WINDOWS\System32\USER32.dll
0x00007ffc6c8f0000 - 0x00007ffc6c917000 	C:\WINDOWS\System32\win32u.dll
0x00007ffc6f5f0000 - 0x00007ffc6f61b000 	C:\WINDOWS\System32\GDI32.dll
0x00007ffc6c220000 - 0x00007ffc6c34a000 	C:\WINDOWS\System32\gdi32full.dll
0x00007ffc4e770000 - 0x00007ffc4ea02000 	C:\WINDOWS\WinSxS\amd64_microsoft.windows.common-controls_6595b64144ccf1df_6.0.26100.8894_none_3e0f749ee32e02ea\COMCTL32.dll
0x00007ffc6c840000 - 0x00007ffc6c8e3000 	C:\WINDOWS\System32\msvcp_win.dll
0x00007ffc6f670000 - 0x00007ffc6f719000 	C:\WINDOWS\System32\msvcrt.dll
0x00007ffc44720000 - 0x00007ffc4473e000 	C:\Program Files\Eclipse Adoptium\jdk-25.0.2.10-hotspot\bin\VCRUNTIME140.dll
0x00007ffc6fc50000 - 0x00007ffc6fc82000 	C:\WINDOWS\System32\IMM32.DLL
0x00000000662c0000 - 0x00000000662cd000 	C:\Program Files (x86)\360\Total Security\safemon\SafeWrapper.dll
0x00007ffc6dff0000 - 0x00007ffc6e0a7000 	C:\WINDOWS\System32\ADVAPI32.dll
0x00007ffc6e4b0000 - 0x00007ffc6e55a000 	C:\WINDOWS\System32\sechost.dll
0x00007ffc6e570000 - 0x00007ffc6e688000 	C:\WINDOWS\System32\RPCRT4.dll
0x00007ffc646f0000 - 0x00007ffc647f5000 	C:\Program Files (x86)\360\Total Security\safemon\libzdtp64.dll
0x00007ffc6edf0000 - 0x00007ffc6f582000 	C:\WINDOWS\System32\SHELL32.dll
0x00007ffc6e240000 - 0x00007ffc6e2a7000 	C:\WINDOWS\System32\SHLWAPI.dll
0x00007ffc6e560000 - 0x00007ffc6e56b000 	C:\WINDOWS\System32\VERSION.dll
0x00007ffc5c510000 - 0x00007ffc5c51c000 	C:\Program Files\Eclipse Adoptium\jdk-25.0.2.10-hotspot\bin\vcruntime140_1.dll
0x00007ffc3ebc0000 - 0x00007ffc3ec4d000 	C:\Program Files\Eclipse Adoptium\jdk-25.0.2.10-hotspot\bin\msvcp140.dll
0x00007ffbdc840000 - 0x00007ffbdd766000 	C:\Program Files\Eclipse Adoptium\jdk-25.0.2.10-hotspot\bin\server\jvm.dll
0x00007ffc6e0b0000 - 0x00007ffc6e130000 	C:\WINDOWS\System32\WS2_32.dll
0x00007ffc6bf00000 - 0x00007ffc6bf5e000 	C:\WINDOWS\SYSTEM32\POWRPROF.dll
0x00007ffc69e80000 - 0x00007ffc69eb6000 	C:\WINDOWS\SYSTEM32\WINMM.dll
0x00007ffc6bee0000 - 0x00007ffc6bef4000 	C:\WINDOWS\SYSTEM32\UMPDC.dll
0x00007ffc6acf0000 - 0x00007ffc6ad0b000 	C:\WINDOWS\SYSTEM32\kernel.appcore.dll
0x00007ffc56be0000 - 0x00007ffc56bea000 	C:\Program Files\Eclipse Adoptium\jdk-25.0.2.10-hotspot\bin\jimage.dll
0x00007ffc4cd60000 - 0x00007ffc4cd6f000 	C:\Program Files\Eclipse Adoptium\jdk-25.0.2.10-hotspot\bin\instrument.dll
0x00007ffc44700000 - 0x00007ffc4471e000 	C:\Program Files\Eclipse Adoptium\jdk-25.0.2.10-hotspot\bin\java.dll
0x00007ffc6d800000 - 0x00007ffc6d999000 	C:\WINDOWS\System32\ole32.dll
0x00007ffc6ea50000 - 0x00007ffc6edd3000 	C:\WINDOWS\System32\combase.dll

JVMTI agents:
C:\Program Files\JetBrains\IntelliJ IDEA 2026.1.3\lib\idea_rt.jar path:none, loaded, not initialized, instrumentlib options:51157

dbghelp: loading error: 1455
symbol engine: initialization error.

VM Arguments:
jvm_args: -XX:TieredStopAtLevel=1 -Dspring.output.ansi.enabled=always -javaagent:C:\Program Files\JetBrains\IntelliJ IDEA 2026.1.3\lib\idea_rt.jar=51157 -Dfile.encoding=UTF-8 -Dsun.stdout.encoding=UTF-8 -Dsun.stderr.encoding=UTF-8 
java_command: com.dreamsync.DreamsyncApplication
java_class_path (initial): C:\Users\Rakesh Chauhan\IdeaProjects\dreamsync\target\classes;C:\Users\Rakesh Chauhan\.m2\repository\org\springframework\boot\spring-boot-starter-data-jpa\3.5.16\spring-boot-starter-data-jpa-3.5.16.jar;C:\Users\Rakesh Chauhan\.m2\repository\org\springframework\boot\spring-boot-starter\3.5.16\spring-boot-starter-3.5.16.jar;C:\Users\Rakesh Chauhan\.m2\repository\org\springframework\boot\spring-boot\3.5.16\spring-boot-3.5.16.jar;C:\Users\Rakesh Chauhan\.m2\repository\org\springframework\boot\spring-boot-autoconfigure\3.5.16\spring-boot-autoconfigure-3.5.16.jar;C:\Users\Rakesh Chauhan\.m2\repository\org\springframework\boot\spring-boot-starter-logging\3.5.16\spring-boot-starter-logging-3.5.16.jar;C:\Users\Rakesh Chauhan\.m2\repository\ch\qos\logback\logback-classic\1.5.34\logback-classic-1.5.34.jar;C:\Users\Rakesh Chauhan\.m2\repository\ch\qos\logback\logback-core\1.5.34\logback-core-1.5.34.jar;C:\Users\Rakesh Chauhan\.m2\repository\org\apache\logging\log4j\log4j-to-slf4j\2.24.3\log4j-to-slf4j-2.24.3.jar;C:\Users\Rakesh Chauhan\.m2\repository\org\apache\logging\log4j\log4j-api\2.24.3\log4j-api-2.24.3.jar;C:\Users\Rakesh Chauhan\.m2\repository\org\slf4j\jul-to-slf4j\2.0.18\jul-to-slf4j-2.0.18.jar;C:\Users\Rakesh Chauhan\.m2\repository\jakarta\annotation\jakarta.annotation-api\2.1.1\jakarta.annotation-api-2.1.1.jar;C:\Users\Rakesh Chauhan\.m2\repository\org\yaml\snakeyaml\2.4\snakeyaml-2.4.jar;C:\Users\Rakesh Chauhan\.m2\repository\org\springframework\boot\spring-boot-starter-jdbc\3.5.16\spring-boot-starter-jdbc-3.5.16.jar;C:\Users\Rakesh Chauhan\.m2\repository\com\zaxxer\HikariCP\6.3.3\HikariCP-6.3.3.jar;C:\Users\Rakesh Chauhan\.m2\repository\org\springframework\spring-jdbc\6.2.19\spring-jdbc-6.2.19.jar;C:\Users\Rakesh Chauhan\.m2\repository\org\hibernate\orm\hibernate-core\6.6.53.Final\hibernate-core-6.6.53.Final.jar;C:\Users\Rakesh Chauhan\.m2\repository\jakarta\persistence\jakarta.persistence-api\3.1.0\jakarta.persistence-api-3.1.0.jar;C:\Users\Rakesh Chauhan\.m2\repository\jakarta\transaction\jakarta.transaction-api\2.0.1\jakarta.transaction-api-2.0.1.jar;C:\Users\Rakesh Chauhan\.m2\repository\org\jboss\logging\jboss-logging\3.6.3.Final\jboss-logging-3.6.3.Final.jar;C:\Users\Rakesh Chauhan\.m2\repository\org\hibernate\common\hibernate-commons-annotations\7.0.3.Final\hibernate-commons-annotations-7.0.3.Final.jar;C:\Users\Rakesh Chauhan\.m2\repository\io\smallrye\jandex\3.2.0\jandex-3.2.0.jar;C:\Users\Rakesh Chauhan\.m2\repository\com\fasterxml\classmate\1.7.3\classmate-1.7.3.jar;C:\Users\Rakesh Chauhan\.m2\repository\net\bytebuddy\byte-buddy\1.17.8\byte-buddy-1.17.8.jar;C:\Users\Rakesh Chauhan\.m2\repository\org\glassfish\jaxb\jaxb-runtime\4.0.9\jaxb-runtime-4.0.9.jar;C:\Users\Rakesh Chauhan\.m2\repository\org\glassfish\jaxb\jaxb-core\4.0.9\jaxb-core-4.0.9.jar;C:\Users\Rakesh Chauhan\.m2\repository\org\eclipse\angus\angus-activation\2.0.3\angus-activation-2.0.3.jar;C:\Users\Rakesh Chauhan\.m2\repository\org\glassfish\jaxb\txw2\4.0.9\txw2-4.0.9.jar;C:\Users\Rakesh Chauhan\.m2\repository\com\sun\istack\istack-commons-runtime\4.1.2\istack-commons-runtime-4.1.2.jar;C:\Users\Rakesh Chauhan\.m2\repository\jakarta\inject\jakarta.inject-api\2.0.1\jakarta.inject-api-2.0.1.jar;C:\Users\Rakesh Chauhan\.m2\repository\org\antlr\antlr4-runtime\4.13.2\antlr4-runtime-4.13.2.jar;C:\Users\Rakesh Chauhan\.m2\repository\org\springframework\data\spring-data-jpa\3.5.13\spring-data-jpa-3.5.13.jar;C:\Users\Rakesh Chauhan\.m2\repository\org\springframework\data\spring-data-commons\3.5.13\spring-data-commons-3.5.13.jar;C:\Users\Rakesh Chauhan\.m2\repository\org\springframework\spring-orm\6.2.19\spring-orm-6.2.19.jar;C:\Users\Rakesh Chauhan\.m2\repository\org\springframework\spring-context\6.2.19\spring-context-6.2.19.jar;C:\Users\Rakesh Chauhan\.m2\repository\org\springframework\spring-tx\6.2.19\spring-tx-6.2.19.jar;C:\Users\Rakesh Chauhan\.m2\repository\org\springframework\spring-beans\6.2.19\spring-beans-6.2.19.jar;C:\Users\Rakesh Chauhan\.m2\repository\org\slf4j\slf4j-api\2.0.18\slf4j-api-2.0.18.jar;C:\Users\Rakesh Chauhan\.m2\repository\org\springframework\spring-aspects\6.2.19\spring-aspects-6.2.19.jar;C:\Users\Rakesh Chauhan\.m2\repository\org\aspectj\aspectjweaver\1.9.25.1\aspectjweaver-1.9.25.1.jar;C:\Users\Rakesh Chauhan\.m2\repository\org\springframework\boot\spring-boot-starter-validation\3.5.16\spring-boot-starter-validation-3.5.16.jar;C:\Users\Rakesh Chauhan\.m2\repository\org\apache\tomcat\embed\tomcat-embed-el\10.1.55\tomcat-embed-el-10.1.55.jar;C:\Users\Rakesh Chauhan\.m2\repository\org\hibernate\validator\hibernate-validator\8.0.3.Final\hibernate-validator-8.0.3.Final.jar;C:\Users\Rakesh Chauhan\.m2\repository\jakarta\validation\jakarta.validation-api\3.0.2\jakarta.validation-api-3.0.2.jar;C:\Users\Rakesh Chauhan\.m2\repository\org\mapstruct\mapstruct\1.6.3\mapstruct-1.6.3.jar;C:\Users\Rakesh Chauhan\.m2\repository\org\springframework\boot\spring-boot-starter-websocket\3.5.16\spring-boot-starter-websocket-3.5.16.jar;C:\Users\Rakesh Chauhan\.m2\repository\org\springframework\spring-messaging\6.2.19\spring-messaging-6.2.19.jar;C:\Users\Rakesh Chauhan\.m2\repository\org\springframework\spring-websocket\6.2.19\spring-websocket-6.2.19.jar;C:\Users\Rakesh Chauhan\.m2\repository\io\jsonwebtoken\jjwt-api\0.12.6\jjwt-api-0.12.6.jar;C:\Users\Rakesh Chauhan\.m2\repository\org\springdoc\springdoc-openapi-starter-webmvc-ui\2.8.8\springdoc-openapi-starter-webmvc-ui-2.8.8.jar;C:\Users\Rakesh Chauhan\.m2\repository\org\springdoc\springdoc-openapi-starter-webmvc-api\2.8.8\springdoc-openapi-starter-webmvc-api-2.8.8.jar;C:\Users\Rakesh Chauhan\.m2\repository\org\springdoc\springdoc-openapi-starter-common\2.8.8\springdoc-openapi-starter-common-2.8.8.jar;C:\Users\Rakesh Chauhan\.m2\repository\io\swagger\core\v3\swagger-core-jakarta\2.2.30\swagger-core-jakarta-2.2.30.jar;C:\Users\Rakesh Chauhan\.m2\repository\org\apache\commons\commons-lang3\3.17.0\commons-lang3-3.17.0.jar;C:\Users\Rakesh Chauhan\.m2\repository\io\swagger\core\v3\swagger-annotations-jakarta\2.2.30\swagger-annotations-jakarta-2.2.30.jar;C:\Users\Rakesh Chauhan\.m2\repository\io\swagger\core\v3\swagger-models-jakarta\2.2.30\swagger-models-jakarta-2.2.30.jar;C:\Users\Rakesh Chauhan\.m2\repository\com\fasterxml\jackson\dataformat\jackson-dataformat-yaml\2.21.4\jackson-dataformat-yaml-2.21.4.jar;C:\Users\Rakesh Chauhan\.m2\repository\org\webjars\swagger-ui\5.21.0\swagger-ui-5.21.0.jar;C:\Users\Rakesh Chauhan\.m2\repository\org\webjars\webjars-locator-lite\1.1.3\webjars-locator-lite-1.1.3.jar;C:\Users\Rakesh Chauhan\.m2\repository\org\jspecify\jspecify\1.0.0\jspecify-1.0.0.jar;C:\Users\Rakesh Chauhan\.m2\repository\io\jsonwebtoken\jjwt-impl\0.12.6\jjwt-impl-0.12.6.jar;C:\Users\Rakesh Chauhan\.m2\repository\io\jsonwebtoken\jjwt-jackson\0.12.6\jjwt-jackson-0.12.6.jar;C:\Users\Rakesh Chauhan\.m2\repository\com\fasterxml\jackson\core\jackson-databind\2.21.4\jackson-databind-2.21.4.jar;C:\Users\Rakesh Chauhan\.m2\repository\com\fasterxml\jackson\core\jackson-annotations\2.21\jackson-annotations-2.21.jar;C:\Users\Rakesh Chauhan\.m2\repository\com\fasterxml\jackson\core\jackson-core\2.21.4\jackson-core-2.21.4.jar;C:\Users\Rakesh Chauhan\.m2\repository\org\springframework\boot\spring-boot-starter-web\3.5.16\spring-boot-starter-web-3.5.16.jar;C:\Users\Rakesh Chauhan\.m2\repository\org\springframework\boot\spring-boot-starter-json\3.5.16\spring-boot-starter-json-3.5.16.jar;C:\Users\Rakesh Chauhan\.m2\repository\com\fasterxml\jackson\datatype\jackson-datatype-jdk8\2.21.4\jackson-datatype-jdk8-2.21.4.jar;C:\Users\Rakesh Chauhan\.m2\repository\com\fasterxml\jackson\datatype\jackson-datatype-jsr310\2.21.4\jackson-datatype-jsr310-2.21.4.jar;C:\Users\Rakesh Chauhan\.m2\repository\com\fasterxml\jackson\module\jackson-module-parameter-names\2.21.4\jackson-module-parameter-names-2.21.4.jar;C:\Users\Rakesh Chauhan\.m2\repository\org\springframework\boot\spring-boot-starter-tomcat\3.5.16\spring-boot-starter-tomcat-3.5.16.jar;C:\Users\Rakesh Chauhan\.m2\repository\org\apache\tomcat\embed\tomcat-embed-core\10.1.55\tomcat-embed-core-10.1.55.jar;C:\Users\Rakesh Chauhan\.m2\repository\org\apache\tomcat\embed\tomcat-embed-websocket\10.1.55\tomcat-embed-websocket-10.1.55.jar;C:\Users\Rakesh Chauhan\.m2\repository\org\springframework\spring-web\6.2.19\spring-web-6.2.19.jar;C:\Users\Rakesh Chauhan\.m2\repository\io\micrometer\micrometer-observation\1.15.12\micrometer-observation-1.15.12.jar;C:\Users\Rakesh Chauhan\.m2\repository\io\micrometer\micrometer-commons\1.15.12\micrometer-commons-1.15.12.jar;C:\Users\Rakesh Chauhan\.m2\repository\org\springframework\spring-webmvc\6.2.19\spring-webmvc-6.2.19.jar;C:\Users\Rakesh Chauhan\.m2\repository\org\springframework\spring-expression\6.2.19\spring-expression-6.2.19.jar;C:\Users\Rakesh Chauhan\.m2\repository\org\postgresql\postgresql\42.7.11\postgresql-42.7.11.jar;C:\Users\Rakesh Chauhan\.m2\repository\org\projectlombok\lombok\1.18.46\lombok-1.18.46.jar;C:\Users\Rakesh Chauhan\.m2\repository\org\springframework\boot\spring-boot-starter-security\3.5.16\spring-boot-starter-security-3.5.16.jar;C:\Users\Rakesh Chauhan\.m2\repository\org\springframework\spring-aop\6.2.19\spring-aop-6.2.19.jar;C:\Users\Rakesh Chauhan\.m2\repository\org\springframework\security\spring-security-config\6.5.11\spring-security-config-6.5.11.jar;C:\Users\Rakesh Chauhan\.m2\repository\org\springframework\security\spring-security-core\6.5.11\spring-security-core-6.5.11.jar;C:\Users\Rakesh Chauhan\.m2\repository\org\springframework\security\spring-security-crypto\6.5.11\spring-security-crypto-6.5.11.jar;C:\Users\Rakesh Chauhan\.m2\repository\org\springframework\security\spring-security-web\6.5.11\spring-security-web-6.5.11.jar;C:\Users\Rakesh Chauhan\.m2\repository\jakarta\xml\bind\jakarta.xml.bind-api\4.0.5\jakarta.xml.bind-api-4.0.5.jar;C:\Users\Rakesh Chauhan\.m2\repository\jakarta\activation\jakarta.activation-api\2.1.4\jakarta.activation-api-2.1.4.jar;C:\Users\Rakesh Chauhan\.m2\repository\org\springframework\spring-core\6.2.19\spring-core-6.2.19.jar;C:\Users\Rakesh Chauhan\.m2\repository\org\springframework\spring-jcl\6.2.19\spring-jcl-6.2.19.jar
Launcher Type: SUN_STANDARD

[Global flags]
     intx CICompilerCount                          = 4                                         {product} {ergonomic}
     uint ConcGCThreads                            = 3                                         {product} {ergonomic}
     uint G1ConcRefinementThreads                  = 10                                        {product} {ergonomic}
   size_t G1HeapRegionSize                         = 2097152                                   {product} {ergonomic}
   size_t InitialHeapSize                          = 264241152                                 {product} {ergonomic}
   size_t MarkStackSize                            = 4194304                                   {product} {ergonomic}
   size_t MaxHeapSize                              = 4213178368                                {product} {ergonomic}
   size_t MinHeapDeltaBytes                        = 2097152                                   {product} {ergonomic}
   size_t MinHeapSize                              = 8388608                                   {product} {ergonomic}
    uintx NonNMethodCodeHeapSize                   = 4096                                   {pd product} {ergonomic}
    uintx NonProfiledCodeHeapSize                  = 0                                      {pd product} {ergonomic}
     bool ProfileInterpreter                       = false                                  {pd product} {command line}
    uintx ProfiledCodeHeapSize                     = 0                                      {pd product} {ergonomic}
   size_t SoftMaxHeapSize                          = 4213178368                             {manageable} {ergonomic}
     intx TieredStopAtLevel                        = 1                                         {product} {command line}
     bool UseCompressedOops                        = true                           {product lp64_product} {ergonomic}
     bool UseG1GC                                  = true                                      {product} {ergonomic}
     bool UseLargePagesIndividualAllocation        = false                                  {pd product} {ergonomic}

Logging:
Log output configuration:
 #0: stdout all=warning uptime,level,tags foldmultilines=false
 #1: stderr all=off uptime,level,tags foldmultilines=false

Release file:
<release file has not been read>
Environment Variables:
JAVA_HOME=C:\Program Files\Eclipse Adoptium\jdk-25.0.2.10-hotspot
PATH=C:\WINDOWS\system32;C:\WINDOWS;C:\WINDOWS\system32\Wbem;C:\Program Files\Eclipse Adoptium\jdk-25.0.2.10-hotspot\bin;C:\Program Files\Python314\Scripts\;C:\Program Files\Python314\;C:\Program Files (x86)\Common Files\Oracle\Java\java8path;C:\Program Files (x86)\Common Files\Oracle\Java\javapath;C:\WINDOWS\System32\WindowsPowerShell\v1.0\;C:\WINDOWS\System32\OpenSSH\;C:\Program Files\dotnet\;C:\MinGW\bin;C:\Program Files (x86)\Microsoft SQL Server\160\Tools\Binn\;C:\Program Files\Microsoft SQL Server\160\Tools\Binn\;C:\Program Files\Microsoft SQL Server\Client SDK\ODBC\170\Tools\Binn\;C:\Program Files\Microsoft SQL Server\160\DTS\Binn\;C:\PostgreSQL\pgsql\bin;C:\Program Files\MySQL\MySQL Server 8.0\bin;C:\Program Files\Git\cmd;C:\Users\Rakesh Chauhan\apache-maven-3.9.16-bin\bin;C:\Users\Rakesh Chauhan\AppData\Local\Programs\Python\Launcher\;C:\Users\Rakesh Chauhan\AppData\Local\Programs\Python\Python311\Scripts\;C:\Users\Rakesh Chauhan\AppData\Local\Programs\Python\Python311\;C:\Users\Rakesh Chauhan\AppData\Local\Microsoft\WindowsApps;C:\MinGW\bin;C:\Users\Rakesh Chauhan\AppData\Local\Programs\Azure Data Studio\bin;C:\Users\Rakesh Chauhan\AppData\Local\Programs\Microsoft VS Code\bin;C:\Program Files\Python314\;C:\Program Files\JetBrains\IntelliJ IDEA 2026.1.3\bin;C:\Users\Rakesh Chauhan\apache-maven-3.9.16-bin\apache-maven-3.9.16\bin;;C:\Users\Rakesh Chauhan\AppData\Local\Programs\DockerDesktop\resources\bin
USERNAME=Rakesh Chauhan
OS=Windows_NT
PROCESSOR_IDENTIFIER=Intel64 Family 6 Model 154 Stepping 4, GenuineIntel
TMP=C:\Users\RAKESH~1\AppData\Local\Temp
TEMP=C:\Users\RAKESH~1\AppData\Local\Temp




Compilation memory statistics disabled.

Periodic native trim disabled

---------------  S Y S T E M  ---------------

OS:
 Windows 11 , 64 bit Build 26100 (10.0.26100.8875)
OS uptime: 0 days 0:22 hours
Hyper-V role detected

CPU: total 12 (initial active 12) (6 cores per cpu, 2 threads per core) family 6 model 154 stepping 4 microcode 0x43b, cx8, cmov, fxsr, ht, mmx, 3dnowpref, sse, sse2, sse3, ssse3, sse4.1, sse4.2, popcnt, lzcnt, tsc, tscinvbit, avx, avx2, aes, erms, clmul, bmi1, bmi2, adx, sha, fma, vzeroupper, clflush, clflushopt, clwb, hv, serialize, rdtscp, rdpid, fsrm, gfni, f16c, cet_ibt, cet_ss
Processor Information for the first 12 processors :
  Max Mhz: 1300, Current Mhz: 1300, Mhz Limit: 1300

Memory: 4k page, system-wide physical 16068M (478M free)
TotalPageFile size 20164M (AvailPageFile size 33M)
current process WorkingSet (physical memory assigned to process): 11M, peak: 11M
current process commit charge ("private bytes"): 10M, peak: 11M

vm_info: OpenJDK 64-Bit Server VM (25.0.2+10-LTS) for windows-amd64 JRE (25.0.2+10-LTS), built on 2026-01-20T00:00:00Z with MS VC++ 17.12 (VS2022)

END.
